[RUN #0 100 100]
900 -600 -54 -507 791 18 -103 992 -580 697 -291 -794 782 626 -900 361 -115 -795 -934 883 274 -550 -208 282 549 499 -744 -924 551 656 965 776 -570 423 -288 264 -241 -938 -89 -11 -886 384 -629 164 145 968 -372 893 -406 25 993 -180 717 169 383 878 99 847 734 972 936 -703 -95 -289 647 636 -524 -265 -573 721 -777 155 925 941 -742 -673 -98 393 599 -871 219 -498 577 -798 188 -340 -540 -529 100 839 -71 -329 433 859 729 -952 498 32 45 -783
654 36 -150 25 52 945 452 302 37 -471 -403 -35 161 61 -843 -29 318 -33 -421 424 -667 -681 388 -983 -897 178 443 -883 125 -199 -423 -98 -417 246 -338 -822 481 -81 -281 545 -58 -815 220 285 190 -273 417 -588 -859 160 33 663 777 -67 -334 688 838 -861 -879 342 -951 303 470 398 793 -680 96 -958 840 -971 -544 38 643 -62 903 -780 -641 -561 229 -760 -378 -918 978 83 792 -340 858 630 136 -720 790 788 -238 -856 -344 686 -775 -74 -909 228
-976 597 -531 -324 575 901 -517 -515 -112 -780 -876 -723 -991 -492 222 288 -471 315 -445 -302 -893 1 -627 43 442 -892 770 -348 420 788 -494 -289 212 -834 384 -835 61 781 586 -475 460 -326 -132 -46 -955 -188 -233 -885 -758 -137 681 657 291 -469 -59 -41 211 356 -357 -675 -376 -719 706 121 -195 428 574 453 -799 -364 247 -693 62 124 203 98 910 -872 647 -53 153 -328 848 849 896 -335 -71 847 -822 -182 22 64 -597 568 470 29 -790 862 -899 160
-100 687 151 717 923 126 -950 -17 -765 917 920 -287 791 296 498 878 -614 43 -312 -470 -303 171 185 -554 -702 550 -469 663 843 353 -63 -52 261 -775 33 924 384 123 385 -872 -602 -267 -886 317 374 823 -755 48 -952 447 -150 63 251 246 -616 700 -663 114 191 229 515 361 991 -777 148 -586 787 4 925 -867 584 -831 304 111 -605 689 -91 598 -732 -140 915 62 653 885 740 415 -641 -712 -404 376 247 -990 -322 402 278 838 705 -585 -722 585
-353 966 838 -776 -229 224 68 883 980 -113 -576 955 -512 968 819 459 818 -980 25 380 -35 951 776 916 650 98 99 -30 -883 759 53 -162 603 388 443 -584 -593 195 108 875 -360 175 -245 320 -588 -251 139 -347 625 945 -984 -487 -216 -872 -432 -106 -83 -643 -37 -816 415 -341 186 -312 -864 -68 843 -324 -20 165 452 653 -411 155 182 117 374 436 908 454 -82 -193 365 -639 -898 325 416 602 -623 445 -937 -155 -232 358 -782 848 -72 -731 -504 -711
787 -2 978 734 692 -794 578 907 19 743 -203 131 -517 -561 -524 -736 -767 232 -337 -228 -379 -705 -589 -452 -40 -946 13 -356 920 -668 126 -166 459 -10 241 278 142 -617 614 533 415 -43 836 -661 762 -673 -450 408 214 755 -305 675 554 -160 559 -702 553 507 454 -371 -892 -893 351 -526 557 124 -489 -828 470 -176 80 239 -454 404 83 713 -949 -480 -198 928 122 766 385 206 548 -240 709 85 -963 482 317 -692 170 433 47 790 125 -522 -459 -810
638 4 -253 -672 216 290 -565 -270 575 557 54 -162 196 143 394 22 -57 824 901 -89 -501 172 863 826 861 -689 678 -313 534 -726 -147 139 483 -852 572 -548 -834 230 -913 508 -534 108 350 -925 -370 -575 121 -787 360 436 -391 -613 -100 617 102 44 957 -465 117 440 -766 -384 -185 41 -886 -198 -883 -962 637 -867 -674 397 -371 476 758 -660 -393 -142 -115 -589 259 -341 -39 -285 224 -49 907 385 816 210 -856 -166 100 98 552 334 -937 16 85 -597
371 -178 -824 -803 -864 414 -190 -44 -362 945 760 189 -720 689 -935 720 913 -692 -714 432 475 185 456 -213 347 264 36 333 -221 -610 -586 -627 -463 241 -830 -121 -342 442 -952 -884 -922 770 -566 -777 671 126 542 -984 794 -346 539 -92 152 870 348 -468 -900 -321 -531 287 -877 180 -658 -974 -702 101 -981 -683 -355 -608 -943 -544 758 -634 -780 321 -281 -817 154 -124 253 -479 -141 -945 -10 402 501 275 -677 263 756 779 251 851 -380 516 98 966 -332 529
-440 -700 173 178 414 899 471 -569 -151 -775 2 -739 900 -833 518 -832 846 -823 24 223 601 182 -853 -418 850 218 166 893 408 -815 -457 805 -477 635 -732 925 -887 88 747 -710 -27 -836 212 373 298 -85 -48 234 493 406 489 -352 -44 -941 508 -228 365 254 -410 540 -411 -596 13 537 810 449 -866 -989 53 857 -122 81 -127 133 -226 -431 -13 -247 -306 -863 -488 -670 -608 -309 359 -74 -498 883 -695 -460 991 -147 -563 -566 119 -15 -967 -602 852 -642
-738 778 -817 -107 -570 745 -912 691 -895 -934 -645 -897 480 903 958 454 -596 533 -361 -121 369 173 621 -365 990 -623 878 341 -110 67 -911 407 765 -206 47 -632 -576 568 -161 300 -930 830 716 782 -412 -382 540 -504 -260 -286 -446 -333 -273 -342 214 -418 -451 955 190 611 -35 402 -510 599 -484 676 978 585 844 -417 126 709 493 688 598 -175 114 -747 586 130 339 -996 826 506 799 194 -176 129 -926 499 82 157 227 104 -746 -259 -878 642 -592 -950
-166 42 453 552 111 -530 -394 152 688 985 534 -156 -279 899 588 -419 -927 143 529 185 -484 129 759 -806 689 968 -757 -967 9 -742 919 829 -155 987 -692 283 -829 -492 -134 -721 -508 -720 -275 -948 -823 561 774 -954 -115 332 -170 -621 -246 363 637 -464 -698 -380 264 257 512 -352 -427 974 -470 807 -854 -425 663 415 -95 40 654 475 -206 -274 -886 876 -6 -128 479 978 530 -107 7 572 -971 536 -716 -487 -422 998 539 -334 -294 -879 80 392 745 -409
-805 -368 -318 605 -16 543 -373 426 -36 527 700 481 -772 -422 -65 -128 667 456 192 -854 211 -794 -70 92 -258 324 332 41 -475 328 -790 473 -190 -672 -407 -421 -855 38 620 776 902 -453 -762 -47 -99 926 278 608 791 799 -451 300 -501 898 885 964 -122 119 -730 778 212 182 544 364 298 206 -202 -217 86 511 712 -986 -803 775 930 -959 -820 -567 -479 782 174 -792 -378 -469 -450 23 -14 158 754 956 -461 123 -890 235 -797 736 -724 790 -164 -741
-729 340 -8 -172 -2 -977 -56 -203 -168 209 -928 337 -360 -931 607 696 921 -773 423 -69 -932 -329 -911 -985 -410 955 17 67 108 381 -850 -965 -497 926 -22 -703 542 649 -917 -484 455 -226 -924 -919 576 878 -98 243 -235 77 -522 -834 -835 -498 690 775 -852 59 -390 -887 -156 589 404 939 738 100 371 817 -882 -31 -557 972 102 784 935 -23 -697 890 498 -672 727 -593 -704 760 -131 39 271 490 -256 344 -642 -664 -718 -840 -655 -202 -326 300 -832 866
196 326 863 -479 917 85 859 -952 -488 377 -515 -903 -305 969 -997 -824 316 615 -152 -266 -369 -300 81 -368 648 -19 267 978 599 -915 -42 263 616 -333 -450 890 -406 -226 -543 -405 -223 -635 492 938 -958 438 -872 668 -66 -256 -18 637 351 29 -805 521 358 596 623 -91 -225 364 345 671 533 -320 279 188 894 -715 712 -508 -178 -282 699 -465 15 -656 -420 -803 -238 241 836 -793 996 226 -432 -991 769 -401 77 404 -869 -571 -546 -277 -20 31 69 447
-951 -650 730 791 -642 123 873 -39 996 -620 624 538 424 245 924 735 723 -240 261 -830 900 226 -385 740 755 830 -816 -534 -457 -619 -993 -610 -94 -530 -211 -959 551 -683 285 -805 -728 623 274 217 -779 988 60 -377 -883 803 -332 28 209 153 345 171 -872 672 -813 -722 -472 -396 -742 300 991 -100 -531 -884 390 -118 606 130 378 -866 -591 89 -13 316 -16 259 387 -808 -596 201 949 -60 923 -97 -990 970 -418 -856 102 -479 570 203 768 752 -99 -290
-214 564 -600 880 271 605 -895 955 616 60 175 322 319 -422 181 931 -860 657 -338 -492 -876 810 -233 136 504 275 -350 -530 321 -927 -61 -479 -410 -529 -580 505 360 -254 262 -743 340 -573 765 710 899 -96 246 -477 803 -986 26 166 -775 -642 769 -464 819 0 155 -1 -980 -891 274 143 -712 289 152 30 -105 -543 518 781 -376 -442 -763 -379 -279 -691 647 87 -240 -372 -241 774 369 -592 608 257 823 -309 633 -340 88 -326 -156 -119 -754 105 -788 689
538 -508 -942 -245 247 903 98 615 -128 694 973 123 318 612 -739 804 -332 -330 -63 276 -173 -907 816 928 -77 -87 699 285 257 239 511 -748 939 403 277 -71 -263 -496 -735 226 681 -550 -928 -117 -777 142 -238 -927 -195 -405 978 677 -872 -483 -625 960 62 831 483 -737 444 221 968 -160 656 591 -819 -312 -859 127 -147 -293 -590 362 -3 -974 61 -267 438 975 -982 778 639 -140 -404 -718 -85 -637 780 -988 -139 580 739 -251 -906 212 128 -22 528 -179
893 251 -442 49 -517 -710 918 683 -555 -857 702 979 -974 454 819 -217 -471 438 311 654 -89 -545 417 -642 -273 -953 74 -965 355 -101 309 -40 -655 -777 873 84 -43 531 47 35 -104 -160 497 -530 -223 630 213 93 858 239 741 -639 843 385 472 107 -195 -677 -765 229 288 -289 -114 -500 961 131 -652 -749 -266 -728 -392 260 857 313 592 973 476 265 685 -462 618 197 -495 160 252 913 -214 -659 -572 638 448 411 664 382 976 -848 -654 269 275 -77
70 945 786 482 729 86 111 576 -894 -91 -26 -952 672 -225 -435 -241 858 79 -835 414 -966 -812 -544 -943 674 57 -556 225 64 -39 118 -282 -371 865 713 -663 993 -387 -298 895 -787 -936 -627 182 268 -191 -913 159 -734 180 161 230 -625 985 108 84 223 274 -723 -124 -735 716 197 678 -288 549 -637 848 44 564 861 -19 948 653 681 -172 18 749 72 930 -82 660 598 160 -112 -230 139 781 -820 221 -259 -686 548 29 567 -218 808 -629 809 -277
856 -430 198 556 -170 745 -532 882 260 -94 -73 -368 967 -998 54 843 619 686 342 785 -493 113 -746 -590 528 604 -494 -708 867 904 -273 841 857 -487 -76 825 -827 -405 578 -521 -644 966 -569 41 631 -454 -635 548 453 844 -796 675 884 935 -663 440 307 -264 -616 -195 -56 589 -189 379 -460 -464 656 -667 -677 92 -505 -825 -158 993 -118 612 -877 -499 -936 -876 -596 283 -310 139 -798 834 979 798 63 -308 228 -216 267 105 370 -690 896 473 -151 -653
-982 -903 -195 489 -692 -349 -859 503 -189 874 -971 350 419 76 451 277 963 -87 629 652 -799 627 -819 -37 -722 -796 -794 -370 -187 -100 -264 -287 867 660 -483 -103 -993 293 55 121 -122 -475 239 967 -543 105 -508 -658 -974 267 671 -134 97 -6 1 649 -964 -136 914 741 -700 427 158 188 -524 -137 -976 -610 -30 630 855 63 877 400 -884 41 -870 78 -842 -201 -218 542 872 645 -800 471 -196 861 518 726 -366 -708 348 -883 -972 -983 292 428 225 -323
-662 -363 276 588 144 -396 -608 -32 -505 -628 679 -390 -413 830 244 -762 -317 92 -232 -51 791 910 -302 76 818 217 -829 376 935 -570 123 -844 -881 676 233 985 685 218 48 -761 -377 -452 -36 -83 738 -323 -442 455 -778 406 -927 -95 -407 747 750 -979 548 -101 274 138 -579 -417 -8 -810 -794 -190 -375 988 -7 -587 746 -942 -23 -170 42 502 611 74 715 -419 150 -698 797 -382 932 511 606 515 903 -480 40 -305 35 -120 725 710 -813 498 -843 660
-129 -753 700 -275 83 370 652 729 959 725 -577 -382 -264 606 122 -206 206 -739 -902 165 -454 -716 -435 -523 440 194 977 511 881 855 -780 656 589 242 970 -76 518 -366 931 -205 -71 -544 -738 -107 -848 -665 847 -973 226 145 -8 -521 -963 997 -285 -84 -734 -403 -908 -91 -374 -456 -112 865 712 475 -111 291 -339 -662 124 770 458 -587 228 733 510 -855 -830 -717 -689 -960 -553 -816 -562 -904 -143 -659 416 -781 -203 84 -793 -602 -694 347 992 -531 -726 -222
277 676 -54 81 999 -338 -902 -657 185 -171 -819 -216 -463 541 243 -621 416 853 533 -825 -919 663 760 422 -750 137 -42 -364 -335 890 165 389 516 -712 -640 -901 271 -812 103 -615 -205 -807 354 108 350 -4 -86 171 -632 272 686 264 -646 340 492 398 925 -553 725 -313 -731 -162 -282 -353 -658 91 797 -341 -362 291 -839 521 16 -121 511 878 -239 124 263 -908 -796 -303 97 404 119 231 -599 845 812 -448 -977 259 506 -108 211 -95 362 622 -614 491
687 794 756 897 734 -965 739 -195 877 605 541 -859 276 -263 -383 -528 -961 552 -570 -649 -975 -208 849 386 913 629 -736 -630 217 809 -926 -143 214 633 172 -289 -307 -423 -994 747 -739 -200 216 607 719 304 -482 -896 -697 960 -134 -353 -931 -955 593 4 153 162 714 427 412 782 -923 -540 -368 -314 -689 701 -920 598 -913 660 519 -892 665 -356 812 -215 344 -106 799 -431 -670 586 -418 759 725 -618 362 581 -504 -114 -597 90 896 -686 361 365 -712 -475
-915 45 771 -345 473 -358 -372 415 450 -824 -261 494 -717 -709 670 832 940 -754 887 -432 -825 190 -367 -226 -898 -95 138 84 -270 392 -792 766 120 358 343 647 -169 -801 -43 95 -436 -271 657 525 569 769 -846 73 778 855 -724 435 696 32 -590 -945 -836 129 899 -503 141 -25 -276 462 -180 -424 199 -736 -519 29 -508 949 -423 -611 757 -885 342 -376 454 -576 -205 -308 -882 775 590 -201 -70 966 300 -654 83 -902 -421 -416 432 575 40 -601 -356 403
529 -67 919 653 704 469 865 -438 -166 601 -603 -908 -444 -540 -359 -260 -809 -681 853 145 -369 -99 -337 443 -985 -950 540 -202 -203 -998 -944 356 716 -472 450 706 657 -63 -615 65 -177 -18 604 -776 -792 648 776 56 798 -678 -398 -461 -895 165 818 286 668 -524 -979 999 -105 -883 948 -872 170 395 270 901 104 240 415 -445 944 159 -228 -750 -64 -910 905 -458 507 343 232 771 273 615 733 208 -157 -419 930 -919 283 -799 597 42 498 249 727 -723
-595 -339 -545 809 -447 -525 -748 -158 -573 700 628 147 876 -252 -518 748 -568 -705 -395 111 -597 -506 443 -144 -4 780 -467 -703 529 -654 71 416 23 -815 -778 721 -453 -632 -297 396 299 128 916 -326 -148 -23 -215 -290 -294 -249 928 795 -183 -389 -125 -226 -873 -921 -123 827 768 798 -352 892 -19 868 -925 -800 -364 -598 -688 -37 210 985 -222 -557 817 -847 133 -391 540 -697 -300 235 925 502 470 982 -733 435 963 -257 319 506 939 -860 661 34 -984 310
287 326 -944 731 359 796 98 -336 280 -746 811 942 -499 945 830 -152 -533 434 -952 -330 -189 380 -349 -695 -300 80 32 -450 995 -224 969 586 -905 -714 -69 -391 -623 -800 529 763 663 74 -955 -913 389 -786 610 545 -437 -353 858 -214 -548 -679 527 -261 66 -221 340 606 -701 -558 -309 932 -341 -141 -684 -917 608 -979 765 252 660 125 711 -523 381 -611 -270 -405 -457 11 -625 784 613 -474 346 -650 325 -127 566 196 -728 622 -617 -655 99 -741 595 668
224 501 570 -633 -48 -748 -308 86 -189 247 -53 753 -650 -579 -782 732 -188 -557 879 950 526 874 727 -502 400 -404 16 813 -437 -47 -379 173 492 -669 162 -203 -982 886 -92 -836 -363 980 573 0 949 -892 864 242 -850 -180 -644 -405 -826 -989 959 -764 -256 -343 -735 248 332 -509 44 -436 -492 834 915 -307 365 989 -443 -123 -745 765 61 -490 966 203 935 -315 -601 -34 144 516 289 -96 714 -69 931 539 -743 515 -804 -67 -294 284 -998 602 -876 35
-592 151 302 -233 -979 835 268 34 -928 -7 -400 -653 870 -106 741 -198 469 -695 690 -248 -571 675 527 778 -991 258 -706 -799 910 -696 -104 -825 -485 -714 -840 -496 879 -679 512 191 760 652 638 53 -937 -985 600 -425 51 68 108 -674 -388 916 -986 692 271 -127 903 298 418 883 -334 -623 -405 -367 183 620 801 251 -159 37 -40 813 -932 85 -532 461 290 428 957 -965 565 -33 432 -860 510 -873 998 -418 321 -143 844 622 -256 96 711 250 804 -340
188 302 -593 822 -977 -210 804 -345 340 774 23 -616 -257 890 726 299 -85 899 -400 -765 -626 513 52 328 -974 -23 -178 -215 -952 44 -159 587 -433 57 249 460 -440 24 -665 -471 366 -161 -678 -901 669 -124 -605 109 184 303 618 -950 236 -179 -529 -143 41 -980 -617 649 373 819 626 -64 454 -299 -453 -853 -83 723 -842 868 245 -926 -19 -62 -527 -226 606 -867 386 -587 -234 -97 411 -595 960 189 701 -34 -817 167 212 -499 73 452 728 -434 771 965
[RUN #1 50 50]
269 -890 -970 -27 -512 682 -610 91 -176 63 404 -586 276 -331 -843 530 -165 -987 -445 -336 -603 -736 658 -672 712 147 -874 985 -668 883 -190 629 36 953 626 894 -253 -319 -220 271 -670 166 -876 294 483 -229 -265 713 550 -103
668 906 575 91 -879 -312 549 -64 -1000 162 716 -699 583 -226 -709 729 -394 290 -93 -935 863 -273 308 208 -371 -433 143 545 -62 -311 -409 950 675 -776 659 210 -451 -768 862 -169 648 905 -666 954 -714 -921 515 -708 -170 257
-983 -229 -526 -881 -802 591 -629 441 779 138 -926 622 525 -272 312 273 598 147 -428 -658 447 -167 -533 -479 3 -190 189 -391 882 97 -119 -791 -151 699 506 -402 -811 952 -752 -213 -295 -447 978 419 -465 -381 89 -226 -14 283
433 644 142 -386 134 655 106 735 241 207 -148 -936 440 -682 236 833 -497 910 -531 -61 -218 356 262 -462 -627 506 760 53 -917 -321 -290 483 264 -679 329 -62 -556 -39 -577 -113 281 -80 -211 -520 895 -572 -206 752 543 -848
849 287 318 285 -766 523 -283 -972 420 184 -248 -202 457 351 455 -178 230 -271 898 -881 -675 -286 204 889 -725 -806 -542 725 -349 -428 -470 927 -864 -257 822 -737 116 197 522 411 -314 882 614 -723 -311 767 -616 -622 -825 957
-726 275 623 -112 -801 -932 -315 -198 -469 -869 609 209 236 -579 -130 -500 992 -684 -363 887 -6 -159 349 -482 895 -733 -556 924 252 392 -59 -938 -701 279 -175 416 -244 140 674 143 -242 -448 744 214 -285 -784 -259 798 -599 -837
-731 511 -184 579 -347 190 -53 905 410 -926 541 297 629 -887 -173 -389 968 -929 -790 250 179 994 -358 -633 -114 936 286 -801 -313 -900 -666 222 47 196 -269 162 -158 565 -172 -253 574 74 -195 -864 269 -201 884 828 -279 307
332 764 462 -203 309 233 -644 255 -608 785 505 -450 314 887 182 978 -589 539 -447 -650 -512 -85 -517 807 -722 946 88 -199 -658 947 -867 143 -726 722 -890 -724 892 -680 -928 -584 791 -149 114 -631 -902 201 -877 54 -937 621
614 581 823 631 -165 -58 797 207 -92 894 -688 -650 958 -600 -781 159 -743 458 -464 943 849 721 -333 926 -6 -342 646 451 -325 447 -990 731 -940 -709 626 589 -713 583 -249 -519 222 -463 187 41 -252 897 372 -178 -601 257
-887 -198 -870 -601 486 -368 590 -682 -134 -175 -200 957 812 -323 -657 598 -167 177 570 850 -298 894 493 -857 822 -812 684 -326 -292 531 -236 -205 577 377 543 506 635 322 -726 -901 320 182 -76 862 157 826 415 107 752 -803
895 835 507 -684 -316 -327 491 -808 171 -407 307 -358 614 -632 -899 767 302 -272 -99 701 922 105 -730 -151 -300 188 -77 -843 -342 52 -137 46 -635 -587 18 -181 197 -736 517 -848 -610 -578 846 591 -563 633 -931 -213 786 -391
884 -489 -116 366 -272 165 568 526 2 -12 304 345 788 12 572 729 753 743 -757 517 791 586 -39 960 -620 88 36 516 -480 -4 659 44 -313 -975 -132 -243 478 -388 -341 315 54 756 -640 479 -561 -824 -501 200 300 -723
-261 774 -585 -103 292 -394 305 -105 48 -665 609 25 -726 -782 -396 328 160 -662 -52 -759 375 -920 -218 -788 294 579 506 -707 689 -436 -534 491 -694 -211 -659 976 -354 -83 297 49 62 -676 -115 -809 723 -882 793 924 -789 16
-737 -961 -959 -688 649 -298 34 -203 -932 -933 463 864 -156 -368 130 -878 116 414 -598 -210 740 813 -352 790 -539 -577 342 -283 -816 913 -91 -503 451 -442 -365 -923 535 -709 -128 -130 -855 -635 167 -802 -769 907 -668 678 179 -846
434 -367 902 -617 795 -954 910 -805 184 160 -366 -810 -277 -957 -871 -586 -821 625 8 140 -166 -558 954 -29 -459 -430 -190 687 838 382 773 -317 629 -520 -98 98 -831 -227 964 -502 444 -600 162 479 170 -395 9 889 925 -847
342 -805 -981 482 -367 561 -859 -664 -385 -871 779 -706 -329 -271 488 -780 631 -366 180 -858 33 0 204 -983 620 -516 150 -111 903 928 -201 -678 -607 424 -965 -541 951 481 252 -43 -592 -569 -233 418 -69 -609 608 346 -899 792
179 297 -611 464 -623 -609 677 -167 -214 -300 355 885 -190 -703 -446 704 -823 -530 -508 -196 2 -464 -370 -210 -425 463 556 572 553 -333 701 699 -414 -853 -807 -104 -470 -754 -356 -709 -209 540 -443 586 645 552 62 -89 578 -543
-222 -182 -647 -236 -484 -167 -627 529 569 701 206 741 -628 -486 619 234 -204 935 -643 934 969 -90 -65 717 -487 781 -441 749 99 -947 -341 723 -824 -479 285 -468 -477 -976 -970 435 -735 -142 962 297 -521 -796 -715 760 695 900
-300 -52 430 618 -562 555 -995 186 -88 -241 244 -827 172 640 -868 -81 973 -596 -734 -783 522 575 -208 -557 -879 931 97 817 570 154 -316 784 373 516 -541 296 279 958 726 -656 601 653 103 779 -485 -419 -18 918 -198 604
-454 11 293 -665 432 239 -383 70 -985 541 -729 720 594 962 -272 769 -776 -813 339 -370 -385 -348 -94 660 689 -946 -997 -724 -612 -909 462 121 814 -3 -426 985 378 77 935 -683 -667 716 -727 467 -854 577 -37 665 -119 -49
-98 660 -857 688 -442 962 445 -620 219 -311 678 -815 -858 622 -559 292 657 485 493 -981 791 -73 -419 524 859 50 -102 -544 250 -983 256 -447 -138 -181 -203 -459 -260 405 289 768 -590 606 792 -36 -786 -56 897 185 245 878
663 -717 -779 -632 679 257 436 883 435 -945 7 633 -246 660 -834 -967 -923 991 770 372 403 -196 565 396 -346 -790 298 -667 102 187 762 434 -61 -456 -437 386 988 -728 -198 84 -907 408 -810 -174 95 418 -962 -514 754 851
-255 236 -366 951 787 -613 -657 300 806 175 884 -127 -573 794 902 165 292 277 -798 4 267 -882 -851 653 -201 -221 508 377 408 -784 594 -365 338 451 -32 340 9 15 407 659 527 67 -905 -503 276 -379 685 427 -115 589
124 200 943 -447 -923 -388 941 -72 745 -651 -858 -548 -86 224 -975 674 -757 249 -986 -49 -576 495 38 561 -12 -530 -515 -543 -427 574 -131 -798 669 -929 -486 -553 551 865 -488 -725 -452 760 -538 -671 749 589 573 620 -659 -556
-509 8 304 842 -749 280 127 874 878 199 880 -212 -164 289 702 147 -892 -900 758 -549 613 -683 -494 -487 -28 -919 314 337 184 910 74 111 520 990 -88 -758 586 419 -351 -805 420 -655 821 -83 -245 -917 -649 651 91 544
-468 553 -508 -975 -920 86 364 -659 155 -438 811 -768 -205 -881 834 653 -223 -511 166 -647 -889 -696 577 -342 63 145 -908 -643 30 518 -377 -228 568 968 948 331 -414 -998 -565 -294 -358 713 -599 -781 158 314 747 511 -873 736
726 -421 253 870 617 538 594 739 -618 -890 -415 557 780 804 -141 -575 149 -963 -299 -139 -392 334 -352 211 -782 -54 -444 682 61 498 -31 66 476 -743 -910 -449 837 -928 424 -647 -38 653 -105 264 -135 265 486 -196 672 818
14 -289 -606 614 701 781 90 49 241 -395 -282 896 553 952 -561 -344 737 -32 -143 815 155 -896 94 480 927 -61 789 -473 964 113 -525 319 -955 -182 -733 -334 958 647 925 -611 -740 66 453 -323 942 -722 470 -493 625 -307
-647 -727 422 -285 -173 -793 -720 675 -53 540 109 -984 -428 -866 866 899 -162 730 483 669 846 821 428 227 -990 288 945 847 216 -663 934 -28 893 480 530 396 308 -523 -578 -724 287 500 628 -296 388 -83 306 -709 413 217
464 -937 -212 -488 917 -413 -635 -568 733 694 639 -268 -85 666 424 -915 -11 129 -128 319 -131 924 -188 432 371 405 402 -990 74 -326 596 855 -170 -529 -503 358 -449 488 -919 945 527 -865 -219 423 -983 -955 363 -292 -346 -562
-68 -652 -784 909 646 952 -417 295 -510 -395 937 -691 796 904 -582 13 -761 -782 -429 -90 -842 -198 112 470 -384 243 -665 -159 -596 881 -14 240 629 -259 -46 -776 -270 -809 562 -575 -469 -584 -851 409 -355 476 -623 918 401 960
147 -302 513 223 304 305 37 23 -609 -131 698 -545 -80 -453 423 -72 -469 145 -168 -835 -59 863 -642 -825 364 -880 -488 433 195 -819 -647 -990 -775 -418 -434 711 394 -454 461 -275 499 248 31 -882 70 579 -954 371 -558 -387
-475 95 -878 682 210 -111 16 754 576 48 -303 979 873 279 -769 -45 -186 416 93 588 917 -982 -452 -632 -250 295 342 -678 -277 -951 936 -62 582 -906 -891 -615 864 214 -937 378 -288 -814 85 -86 736 -472 -84 76 258 -441
577 -486 510 -198 -945 717 -33 -829 -12 770 993 -765 301 440 215 436 144 233 -220 520 -270 953 987 -552 422 932 400 850 -420 -583 -91 666 -999 -916 -581 263 -89 764 -67 747 -491 622 -854 880 -775 -72 -783 -944 885 446
639 16 742 -333 419 -456 -963 278 663 -878 -422 57 -727 -696 393 -697 -488 -183 4 -995 959 700 111 -268 930 83 907 -418 567 -368 890 651 204 143 882 -716 -99 -146 286 -701 -253 545 266 692 952 196 -88 469 174 350
-661 697 508 -525 754 944 -914 -74 408 545 -536 -999 482 265 -195 269 871 -956 -259 477 -886 410 -844 -290 -524 -84 -852 249 900 687 -184 624 -112 380 475 295 328 8 -283 -241 130 455 -908 -469 -235 471 110 78 -89 -491
453 575 -457 -872 -320 848 -248 -530 639 -873 -335 629 985 -881 -691 -929 665 406 -643 -843 -91 857 276 -104 346 -59 -578 -890 536 -3 -965 -744 289 895 432 260 -955 442 930 -983 181 -64 -669 -651 492 -475 -742 -957 922 292
63 -330 293 -995 793 280 112 -127 -498 -118 -784 -315 143 -569 332 -492 649 -226 6 -662 737 656 -391 -250 788 -173 230 882 -557 -564 -923 147 -993 -486 -891 -516 -125 310 376 821 128 -366 -339 190 92 -885 -877 935 -60 677
-150 -846 -751 -575 -10 640 941 363 -168 900 -799 -28 -769 -17 263 -175 -182 -755 -407 -256 -888 -917 536 254 225 429 564 657 -238 -591 975 -644 -482 627 491 178 169 432 -765 462 -745 -724 450 179 -344 912 -427 -42 699 -685
-954 -666 -564 -851 -36 76 -789 969 -940 -916 -684 -726 -790 613 237 -91 -121 256 148 847 863 -203 623 876 71 -802 -596 -770 975 737 451 129 -474 789 203 798 -669 -990 157 -517 545 705 -303 703 -635 219 483 -439 -113 -979
30 -302 -601 300 -431 544 -915 -806 -535 -872 -230 -132 -909 -774 273 -372 -724 -796 -603 253 708 -934 -852 766 343 -326 452 579 -665 -236 135 366 394 -650 326 10 -319 93 285 832 -983 -290 -260 745 -339 -730 732 -237 -933 55
162 -288 775 39 157 -240 664 -659 -414 709 -474 646 -633 -159 -727 -210 -175 -343 459 892 -412 973 -553 -112 185 117 441 -361 937 17 455 861 41 449 719 841 145 409 -63 -801 428 -69 555 308 49 220 851 -490 380 837
-219 -774 -388 -35 865 555 459 958 187 373 725 -883 514 -228 -709 -761 -436 634 -422 -824 -165 -141 -888 -613 322 718 -983 523 -30 -724 -5 -785 614 855 -20 -292 497 223 -602 -974 -748 -945 55 482 -71 -252 -835 642 -514 -178
597 262 671 469 902 -611 -731 938 231 455 912 372 -398 -928 543 -205 -994 248 954 223 -572 654 691 613 -508 -15 409 -834 -476 717 5 713 -196 644 -733 992 -425 -664 -712 664 -52 978 -221 -67 18 566 -759 577 -504 -187
-328 507 801 193 -159 25 -869 -581 958 987 -241 -613 213 553 -70 -737 41 -973 165 655 -214 573 758 437 908 -403 -699 841 37 212 850 347 518 710 -693 -967 354 -959 -474 366 -236 253 -788 -810 -304 -696 -535 -813 -260 86
-93 535 -381 558 -640 786 175 -713 33 407 -193 893 -744 731 -469 174 -74 932 -766 955 728 258 -338 -56 -878 -101 -763 -332 -592 79 -899 238 -50 -709 -835 -975 -700 115 994 261 188 -356 -800 -40 -493 131 -912 280 431 -240
666 913 599 914 653 -722 -226 745 901 857 591 957 387 505 434 647 -532 -795 -685 -876 -964 212 595 -168 -184 402 858 -963 -253 691 -121 -606 -847 192 -978 -301 -19 -160 787 862 386 937 910 448 -377 344 -177 -58 184 -811
[RUN #2 10 10]
-273 -727 815 447 -599 -152 315 257 -22 376
625 -472 293 -75 650 -823 -110 -128 -970 -47
-712 -447 -270 383 -151 969 -170 -941 319 485
108 -53 -797 -370 -82 192 565 -374 -517 135
522 914 -385 -428 901 -75 -93 -575 -363 -360
290 812 389 997 90 281 -251 438 553 434
-568 -306 107 226 -844 -401 479 733 381 -960
-641 -642 -260 899 34 559 -399 181 904 -371
-66 572 913 -366 -497 -494 371 182 195 -276
14 -965 825 -600 -604 976 -525 -989 392 67
[RUN #3 5 5]
-350 -127 -44 -388 848
-666 751 -706 830 -858
-709 494 827 399 -298
118 337 -154 -628 486
-491 388 -353 869 118
[RUN #4 5 5]
-463 591 276 80 947
-983 328 247 -631 -867
116 793 13 -140 -353
362 -493 -131 -272 135
-226 -211 54 187 -801
[RUN #5 100 5]
-889 -772 618 -922 972 556 -546 601 244 465 -242 -172 387 -953 78 360 -150 497 -681 518 349 816 -58 -257 217 -173 365 557 61 -68 -191 -330 -424 5 906 -521 -896 56 381 -820 266 -921 -656 539 -263 -630 -632 -686 943 429 701 -43 267 70 -115 85 -884 -405 -857 553 237 305 992 -306 826 374 352 996 -614 821 -564 -737 -504 453 -104 573 794 297 468 89 159 17 327 958 182 -307 -470 310 -633 -350 -946 -508 -709 850 93 -629 293 83 588 876
-151 106 -846 996 359 -970 -768 -240 320 730 223 -187 -73 96 -269 -786 -466 479 -842 -677 776 824 965 -88 -850 530 282 -996 372 -343 93 -740 -125 -838 -405 722 -417 874 -515 780 -818 -327 705 -284 -944 639 -50 -637 331 -848 -145 264 823 -305 20 -573 681 772 209 554 -141 -827 864 987 -853 -495 428 989 -915 -366 -483 255 -117 -158 321 -519 -290 938 73 -890 -986 -957 -256 -983 319 -176 -949 914 562 -491 399 729 519 496 367 726 165 -13 512 593
921 421 -263 227 -107 -238 -845 -337 324 894 -481 -200 -912 -228 -777 379 -194 541 922 110 -973 736 -34 -878 778 -646 -479 909 -716 -425 -419 244 280 -956 -829 -428 146 -448 -802 181 -784 -277 -964 823 731 -304 875 -382 -647 -41 -140 -75 -98 -430 -946 838 983 -11 -246 488 203 439 901 -93 -168 669 -241 -570 -385 658 989 -661 -862 -100 -312 -849 -837 -568 749 -344 -539 -351 -227 -210 -556 -220 -211 420 -285 -495 -19 196 -108 231 152 672 -533 365 102 -14
-84 -750 773 -891 767 281 -18 -397 -365 -530 -359 -647 451 498 -221 929 772 -133 -682 408 -430 -5 321 552 294 155 610 -676 766 350 823 189 -88 343 972 -310 606 -355 348 857 791 -681 574 -482 502 -218 970 -842 463 -345 -575 462 -265 -558 571 -495 -529 -274 515 -308 739 -786 -904 686 128 146 5 -301 -337 597 -325 -324 -448 -408 -178 465 -252 -100 503 -270 -899 -667 532 -455 168 -624 -641 -289 -603 123 -630 242 -163 293 -816 471 -988 -963 958 -569
-574 -946 -627 -815 764 994 541 784 769 376 915 -271 323 -607 403 -786 498 990 462 -557 -705 972 -556 815 875 -896 -726 139 939 299 918 -464 587 -508 -416 -365 -297 233 904 -830 63 750 -929 -997 32 -873 255 900 557 -582 679 284 -80 -326 -19 -313 398 515 -48 509 -1000 -978 245 -505 -509 -766 389 -519 672 774 -970 -455 454 -167 -629 847 788 134 -865 552 -860 -795 532 104 14 -181 -366 -955 856 -283 712 -318 429 -565 -992 554 -111 782 202 -767
[RUN #6 5 5]
-218 935 351 -603 -937
559 -363 969 759 621
-547 -748 158 -287 288
-61 86 185 -959 -226
-609 861 -896 -505 713
[RUN #7 10 10]
627 -711 -264 68 46 25 354 345 -75 408
522 -600 383 -957 744 610 -67 -185 124 103
849 -70 930 -97 -806 722 739 -569 -310 427
-508 -852 821 550 22 -521 -487 355 173 398
-914 -645 539 -629 -631 -505 290 -795 620 -295
-554 158 -751 -308 -156 525 11 835 37 219
692 651 509 8 -889 -489 -17 225 981 -611
131 -902 34 -409 185 -141 215 -993 561 999
480 641 295 -608 239 441 -337 -431 890 -936
-97 375 503 -49 -169 94 953 -864 443 451
[RUN #8 100 5]
-877 83 822 -259 -719 -768 726 -373 -744 -185 4 640 -289 -8 -923 -892 -368 -244 -46 100 -624 -785 99 -196 732 -298 717 806 29 -970 -406 -192 501 -439 -211 -357 -139 -118 65 -2 486 -190 -425 -944 800 -303 574 641 -561 725 -412 -655 -708 290 587 -453 -79 173 -336 -157 -683 582 69 -919 910 525 11 -189 101 256 895 375 407 841 472 -845 134 179 -347 -964 877 -253 554 53 959 -480 -258 798 -689 -270 454 21 -611 -163 -840 164 -102 498 -623 948
926 -71 507 852 767 194 649 147 211 -693 -117 -387 -903 242 915 -290 -391 437 246 -583 -694 995 -194 241 755 -770 840 495 -343 -379 -571 -855 436 -388 -605 -425 -409 453 218 -450 205 421 736 -137 -310 -357 -666 72 12 -15 33 -202 309 -508 -270 502 -218 395 512 -675 -68 -760 41 573 -406 447 -80 -92 -954 477 -502 -826 49 715 -134 752 -830 -621 -618 -138 711 -717 -528 539 -552 -852 -753 -484 -881 -966 331 -854 760 -650 -683 -731 370 -166 43 994
440 192 712 -987 212 -146 524 957 -266 -535 770 -426 743 43 156 930 -498 431 -182 -893 239 313 -399 367 225 39 -298 219 -351 231 -891 40 -667 -350 -982 -861 -178 348 -895 -387 83 269 915 -176 783 -567 863 -96 -741 949 -493 -968 -36 -978 77 759 101 885 484 596 910 -91 220 755 28 -511 -864 69 353 71 -743 924 447 351 836 65 912 981 360 -202 528 -951 -153 772 57 -818 -456 -735 -171 -941 -748 857 -635 -318 -52 -611 -114 -389 744 148
330 -594 -569 -131 232 -345 49 -947 551 -442 832 302 863 702 104 764 213 -964 316 991 -880 -797 -933 688 -413 -685 89 -36 399 -549 495 15 -113 -471 -837 -8 -948 804 -775 517 -819 -291 223 -659 531 698 878 139 99 -397 -148 -288 -437 791 385 -648 467 744 483 96 849 -70 -103 -603 -517 252 -957 629 -902 -415 -953 378 24 -314 -625 359 -129 916 42 234 160 975 417 -494 -32 346 -877 -427 117 -411 -788 340 -142 -584 66 -624 -824 140 -115 -532
931 -814 -1 -631 -40 -722 206 -867 -245 -843 486 967 72 212 855 482 -793 214 426 -341 -213 66 -846 240 245 864 -153 -252 -848 413 -309 -561 654 -491 822 85 735 -154 432 -207 -74 997 -892 998 953 778 -241 -222 -44 -750 -449 -519 -998 -912 234 -581 773 -662 -197 -159 143 -417 977 504 889 685 -149 510 -924 580 -927 506 826 274 -553 -238 459 -515 -825 607 -332 553 -900 -94 -888 -383 -624 488 866 571 540 -438 908 351 513 -334 -550 232 224 838
[RUN #9 500 5]
-923 -976 -320 -5 -324 -95 -379 711 660 -687 -960 767 872 504 987 -975 930 291 -256 251 -870 161 176 43 -444 -425 -212 -946 -809 -380 -557 -549 746 82 -428 571 -974 -451 -471 -520 -563 334 -912 -619 423 -971 242 -373 271 -844 632 623 -173 -902 -351 -487 751 -992 -300 -963 15 -553 -548 73 -461 710 -100 -189 -890 -954 52 -674 832 -662 -144 -820 964 -40 215 238 -304 108 -291 63 -243 -326 -569 208 559 42 886 413 -458 -86 382 723 877 -1 -882 -521 -468 739 -439 -287 -579 -997 -984 -289 378 429 487 312 -729 795 118 -908 -577 488 909 278 951 101 -526 192 180 524 -314 827 -514 -18 618 448 520 -636 214 921 799 116 32 -823 -192 500 603 223 523 638 -198 -743 297 -597 853 -426 7 -682 689 216 -529 369 225 -385 810 -474 164 -159 284 557 -42 -218 -864 -716 -779 -765 -535 -843 -269 463 552 755 699 923 -115 -698 -440 949 828 737 -760 912 -349 -632 124 -193 348 -220 308 234 -21 -180 -995 248 -309 945 884 -602 -370 818 -638 -532 970 534 607 -839 -601 328 515 55 -517 989 83 936 454 542 -355 -103 -448 191 741 -608 87 942 172 -543 -117 952 -204 381 395 332 125 -19 78 201 -330 -665 -168 650 303 393 61 -551 876 658 -360 -913 -90 932 23 -295 -865 794 -186 731 177 -260 807 -818 -838 -932 -762 849 405 96 -802 -631 84 -777 -403 -911 267 -137 483 696 -758 -375 -935 673 122 963 289 501 373 411 627 -266 -281 569 -350 -507 93 814 -871 262 117 -420 258 346 -581 35 574 469 439 -178 261 -293 394 -781 -63 299 -430 14 748 31 -4 -197 494 -952 -242 -676 440 26 25 734 -134 667 -169 -656 314 3 -819 -91 288 160 -302 132 -967 -661 -578 -571 -576 -504 -366 -592 -695 46 -544 150 805 254 -613 -228 141 -207 203 517 -108 -162 718 735 -140 -232 133 -279 -542 940 102 593 962 -596 -943 510 -436 210 -964 -210 591 495 310 -486 71 -645 477 -701 -896 508 163 231 -282 -161 455 252 -822 41 -431 -869 -50 665 365 -358 700 -973 264 -793 -637 302 639 -850 577 113 370 -867 24 998 826 471 121 -599 898 -417 990 512 345 563 -993 780 808 0 -427 -921 -900 185 -206 605 -313 -105 -566 -59 -98 -560 -518 98 -495 349 -722 169 715 939 -498 420 680 738 682 -299 -199 -741 -957 -339 960 -794 -71 -606 -568 449 -763 -246 -689 120 27 -185 -918 -462 -257 -828 20 123 230 112 -813 -111 -605 513 977 891 367 479 -940 402 147 -855 171 -82
777 639 679 79 257 -297 -14 -46 670 622 447 759 620 -276 -533 19 223 -724 -635 538 401 -734 -999 441 932 -400 828 -497 174 -651 -427 -156 434 558 306 212 -627 351 631 -823 -288 172 -669 -756 -44 -316 -84 -542 -398 -985 64 -95 790 -934 881 293 -913 -280 -712 -624 -888 335 563 46 499 -513 -61 -768 -131 -784 -878 569 -128 124 308 -528 -872 644 -267 -416 913 89 858 -257 -40 700 -253 361 -118 435 887 283 -90 -753 621 -151 624 722 -681 -247 192 683 859 -450 130 393 -534 688 964 -962 133 431 152 -478 -157 540 -929 470 -33 -952 716 551 -24 -206 -225 902 944 782 -159 -588 7 816 -592 -766 535 458 388 -541 -112 -141 -540 901 -3 101 -531 811 933 746 -609 -523 719 -570 -397 -880 -285 -546 -506 296 -944 590 789 -15 389 -608 156 -978 -688 539 -837 -76 549 -550 291 685 -543 -318 848 927 -718 854 -406 246 615 728 645 -811 571 -509 647 -418 -402 779 -553 -572 490 889 537 -462 -821 141 -484 -781 -904 208 160 715 843 863 108 567 345 326 834 -451 -998 -407 -311 -251 -841 -539 -632 869 684 76 92 476 -226 -187 -498 552 321 193 635 -208 -987 408 -31 -979 -275 -223 -355 -201 -516 634 16 -346 -42 724 -723 -796 230 919 937 -863 741 839 462 -359 486 325 -262 298 981 542 432 626 276 -290 874 -337 -617 -575 733 847 -892 909 -949 387 800 316 951 -29 -339 -420 63 745 227 309 -544 -639 21 758 -972 630 425 -261 323 -616 -481 53 273 704 274 -549 -748 445 -108 120 327 -39 -148 106 123 -559 157 179 375 946 113 184 513 278 566 999 132 495 83 40 502 428 -310 -843 -278 255 3 -887 608 122 543 776 555 -848 -385 -233 922 -59 466 641 504 -344 414 934 -101 -771 725 49 419 -437 360 -520 67 983 170 -473 880 31 -238 892 -992 942 926 -922 -395 453 744 -448 -436 -838 -621 281 -818 -820 518 -600 807 -401 144 -124 22 -452 -713 -905 -386 -483 -351 -374 754 -815 -16 822 -804 966 286 -104 -454 409 497 -990 181 378 648 674 -760 -743 -775 -551 -490 961 333 785 -428 -640 -961 -54 139 959 -657 775 -896 550 233 912 836 -827 -751 -655 -264 196 682 74 686 265 970 452 763 -968 -861 -953 500 363 426 515 -320 -750 -389 -221 65 592 658 -414 -417 -783 -851 806 652 693 -659 377 -282 -88 379 -34 866 -186 173 -646 371 -458 591 20 667 -709 734 893 -384 -363 -593 771 -598 -294 896 -603 -338 632 -692 857 -75 526 915 -842
-996 -984 -377 -933 -162 -900 883 798 -706 4 518 -623 665 -574 241 359 -548 967 -475 809 771 6 753 -231 32 245 -987 626 -852 -935 -145 95 -524 894 -60 -707 -704 -537 790 957 212 -884 -125 611 -906 -132 -877 -798 -407 -452 -332 -586 81 -504 -535 -283 -453 -260 -91 -642 -245 163 29 232 -768 200 -144 852 -292 -165 -654 472 549 478 603 -503 516 51 981 -134 -55 -232 387 24 770 -354 -828 942 -787 -472 460 652 727 631 110 -965 -313 -82 271 545 -780 -251 279 -417 159 -403 -931 875 974 975 -188 193 -874 -392 217 264 437 362 -915 235 -397 -825 -517 -30 -88 118 -52 828 662 141 -193 169 -281 -129 779 -236 411 -521 -130 -416 -645 417 178 -895 -324 -657 150 -261 -937 -339 -745 730 26 428 -709 -104 729 291 -701 -385 -508 -304 324 -945 481 -156 -752 44 -674 490 848 307 538 -307 584 -786 -252 -620 -885 180 188 606 505 -479 -92 -926 -358 -175 720 -914 72 763 -606 537 -6 418 -184 -350 182 -203 557 888 -846 466 298 377 66 -116 113 -395 -923 -841 -337 903 939 515 -352 199 -580 -466 622 -632 274 365 400 596 -985 756 488 -804 -792 -554 -938 77 -678 421 415 -546 510 105 -253 -838 76 -244 125 853 89 548 -458 -334 190 881 -770 -306 -146 499 687 546 -738 -809 694 489 923 686 -593 -291 759 -200 -483 194 938 -671 -492 231 -630 651 -308 731 -137 102 878 561 544 -879 -157 -693 -473 302 87 497 -929 202 -53 -212 700 -836 -500 551 79 602 -254 -728 -774 -87 269 328 25 334 681 242 -357 841 866 -176 -478 -71 -341 -111 -384 -512 -621 -136 -24 455 -972 487 568 640 -147 -889 959 399 -426 -644 491 -939 -823 -214 -746 797 -648 886 42 -562 -724 -169 -133 -997 -729 794 -311 -74 507 562 -855 -930 995 300 869 -274 -641 978 495 -594 -658 336 -516 563 -98 -471 -43 703 569 642 443 -655 121 389 -455 -427 -349 -31 475 970 -353 -584 239 -45 528 717 618 403 -376 799 738 88 -835 54 714 236 -741 290 -796 151 -237 59 539 -896 3 101 -235 -399 391 288 -420 593 506 303 -864 -526 -347 998 -550 100 183 774 -174 126 45 -8 968 509 608 -772 19 -355 -525 84 -718 -898 70 -496 465 535 -733 -241 -387 459 486 889 -191 -234 476 -794 -431 -433 -947 406 263 154 -960 -126 -490 -413 -646 -688 -711 -795 -829 -154 -465 982 -534 174 -573 -148 -538 997 -892 -700 706 -103 -242 658 -486 -10 -367 906 -288 922 -719 749 261 -310 -555 -182 282 685 -696 760
290 -299 5 -175 -472 -552 542 113 -921 -120 -196 230 -657 -494 756 -309 -682 763 761 141 -140 -560 -755 930 587 -762 201 939 -298 411 868 -87 261 827 -111 146 672 269 -459 489 -936 -141 203 -809 847 293 -275 759 494 -85 101 -436 689 -384 -239 -227 984 466 -211 -273 -843 -364 -934 39 -966 -570 -767 -471 -874 -440 407 872 -160 797 721 12 -525 539 928 -256 871 -426 -582 601 -279 533 -578 -39 -86 -332 -661 -555 433 283 -741 -548 -868 184 -156 -82 -460 989 -48 -168 658 693 77 729 -587 -89 -946 -509 852 31 -905 -688 -888 -122 463 -766 2 382 -57 379 -887 117 -955 332 225 503 -490 -77 314 -603 538 592 -234 -412 -541 -264 -601 -545 511 -804 327 -627 510 -986 642 -403 412 665 779 161 44 -575 277 -676 89 -852 -210 390 -626 -30 265 -119 719 -197 -646 -351 -74 -336 913 370 -640 -60 -246 -993 -520 -683 -33 534 204 180 15 -738 680 475 -827 -324 795 -300 -911 -230 -845 664 597 266 34 295 -666 700 942 718 316 -873 -559 670 128 -218 -155 -356 252 165 -796 -987 -344 -643 448 -890 108 901 546 474 49 -383 941 -883 213 -669 -161 -437 477 488 -596 -198 -592 493 222 699 -689 -861 973 -133 -672 -835 3 -742 -574 543 388 636 -950 -963 -315 -322 -88 757 -618 937 132 59 -893 381 -254 478 440 322 -67 818 747 817 -685 802 -707 422 845 709 -263 568 732 870 469 -951 273 -72 -563 -679 328 -862 110 120 -854 981 148 -684 -391 395 -551 324 -191 199 442 198 604 90 532 615 -686 -411 -957 -508 -940 -914 350 -836 -826 -817 92 -929 -139 -597 -866 -531 -504 304 -871 70 556 972 917 438 -502 820 -158 -777 470 14 869 313 16 -69 -773 -106 -329 -820 -469 -226 996 270 -976 -176 367 -988 -212 -22 704 -935 347 -326 -434 668 359 65 778 -373 476 -619 618 -424 414 967 -964 -180 150 554 512 -710 123 -442 -749 366 -49 -7 85 643 159 -543 935 238 676 832 -15 -812 -31 723 -318 307 144 -927 -591 932 782 -307 860 -727 -369 -970 -971 -894 578 79 439 233 609 -342 482 21 274 -103 612 -779 -775 603 -312 -91 -677 -789 -200 559 -136 -134 -162 649 979 257 666 -380 825 340 -432 394 -620 586 553 -350 -118 627 -912 -8 878 -784 -280 -274 428 -612 840 -454 798 168 -429 519 813 837 861 373 545 836 713 -753 -659 -995 -142 189 -80 75 -968 -732 153 751 -870 -76 46 955 520 -595 755 -115 -28 -386 851 -358 966 999 -292 109 637 -649 364 457
849 134 -721 408 -711 -205 201 -371 999 -888 873 -475 -549 22 -750 -431 -881 -209 767 -714 -459 -176 -378 433 -866 -226 -361 -25 -566 835 283 -952 987 96 194 -10 -56 467 270 -951 -747 -503 831 750 -211 152 -220 -280 770 -433 493 -60 -163 158 380 -273 -230 777 -806 -678 -645 469 -668 -682 769 -974 -32 -95 -279 245 300 -254 887 840 -286 869 -114 -860 -526 -27 591 -578 -306 -921 -295 -332 -723 16 -139 173 741 437 -818 -122 -692 -514 924 -804 -424 883 982 363 219 602 -670 -573 -932 -800 -386 -730 350 -535 -826 -40 -515 43 -166 -131 -277 571 -411 15 930 881 180 -504 -29 -429 203 -290 -808 276 -362 -456 -489 75 86 -606 401 731 780 -206 290 894 826 403 -801 -637 657 425 416 787 302 -969 -991 737 -344 586 856 445 432 658 -592 -276 -123 305 -683 983 -964 -870 -863 -851 -331 -704 57 -326 -106 -470 -368 -887 -859 286 -388 457 60 852 -18 -24 -739 267 661 708 -380 842 877 95 -935 6 -195 -669 121 260 -525 654 294 -893 472 644 -789 722 848 -516 117 -179 762 -679 -384 695 579 4 -232 196 355 -869 -278 -129 -145 650 415 735 734 696 -958 -928 -365 460 973 198 -746 5 -458 -152 521 444 -915 -104 837 -933 122 2 -180 297 -126 -12 953 805 249 -548 -827 -853 309 -499 -841 -691 854 984 516 146 208 -148 474 -203 275 -52 -946 34 -316 -937 -539 -646 533 -756 -375 649 -485 558 74 151 743 -99 507 76 -270 845 -13 617 738 822 927 935 200 662 794 -207 -69 17 -157 463 -671 21 830 -229 -833 358 908 504 -954 50 -819 213 -498 931 -9 548 691 -383 98 531 725 344 -59 228 -324 -575 -171 -265 431 890 -810 -703 -385 3 216 797 -770 868 510 -892 362 573 -481 -419 434 -924 -988 512 622 1 -790 -215 -448 205 47 807 -184 25 -410 458 -82 621 966 113 174 489 -561 396 -241 -227 369 133 -520 -519 -140 131 693 710 832 85 258 282 -633 220 377 154 -742 28 239 351 8 -441 -615 -238 116 -550 -264 -120 -972 211 -48 972 -16 -495 781 -445 542 -149 313 371 -922 -547 -577 -87 616 765 -301 763 -201 -167 49 -570 -894 391 -409 101 438 -97 -716 -75 -294 325 756 68 850 -309 915 922 390 -653 -651 -640 492 -622 903 0 -266 254 246 499 -194 -816 -861 285 557 210 -533 -77 970 459 761 911 724 934 -223 360 -408 129 -486 798 663 675 -708 604 647 -977 673 929 875 -975 64 740 94 -931 659 -113 974 413 185 -531 -799 250
[RUN #10 10 5]
883 -568 -525 -835 -597 -363 -560 -782 -733 -259
160 -963 -666 -575 795 812 -248 -528 409 -97
-67 -790 -489 198 577 -678 527 -369 -480 -114
654 -907 -544 911 375 484 46 55 432 -13
959 512 330 373 832 909 822 946 187 141
[RUN #11 100 5]
242 -957 -55 50 -622 -618 605 57 -983 277 380 483 -159 -311 283 553 77 -789 852 826 404 634 -945 629 -763 706 -146 254 154 -465 -12 -35 -227 619 -512 272 97 -279 911 -930 780 312 831 -576 274 84 572 361 285 641 995 300 -508 191 939 -902 -17 -613 -88 -43 271 176 -900 747 -331 61 477 -785 69 -992 -193 -875 691 -303 435 -955 -445 919 -24 381 -917 -791 -612 963 -324 299 -518 933 -215 335 -933 56 -527 -730 767 -243 22 512 332 -853
927 121 -993 -992 -180 479 -794 -314 214 -845 -816 804 -174 -742 559 871 -217 411 -131 -563 -890 -177 680 952 -568 827 930 225 623 -13 721 971 64 967 849 -451 928 760 920 -459 312 284 -626 -246 128 -574 107 -489 -499 -158 -129 -445 276 -824 144 585 333 192 880 -761 -637 738 -698 -699 95 47 -396 867 926 419 -463 -775 -368 -10 678 347 -339 994 -517 907 -474 74 -349 709 180 -640 410 124 -106 28 -705 545 -684 -32 -581 823 301 51 -88 808
-478 -304 -967 189 -739 -861 374 385 -652 -457 -69 457 -508 431 251 -217 -576 202 -998 132 499 -999 897 -636 -408 870 482 -794 492 -470 34 627 -645 -224 96 -146 -124 -306 -463 -202 -847 -81 -927 -802 -482 -571 391 -429 -658 400 -488 -167 -594 -725 -783 -563 626 330 -822 250 21 948 759 -531 -596 -38 567 996 225 -766 -41 187 953 -768 -484 -265 -528 278 89 216 -166 -973 71 114 -275 -873 302 233 -514 -73 -133 -284 918 531 257 -726 396 371 694 749
-459 915 -115 -245 -595 -419 -787 478 -547 737 573 243 801 583 257 221 13 292 -52 434 -909 762 848 690 449 707 -655 998 511 253 -99 929 -562 557 311 740 -347 -465 -550 545 -940 799 -618 -507 497 953 14 -8 87 -974 722 -563 391 -30 916 -67 814 50 154 -337 431 -39 -33 689 -49 403 -428 -193 -832 127 25 -270 88 935 491 -765 547 438 -532 -876 -16 908 -627 -782 838 330 83 102 -821 -905 691 237 -59 866 259 489 536 -695 -433 394
656 480 4 858 842 -15 -940 -976 71 -60 218 -379 -574 -805 497 810 295 -431 704 496 433 -404 389 134 -350 6 965 -922 166 5 -227 -330 68 31 77 -608 440 -825 405 -712 76 -523 -79 26 895 -669 -148 -302 -454 -140 -711 -68 280 -953 -451 854 153 971 717 340 617 576 -645 -735 -983 -69 -200 144 -231 302 890 -484 458 -133 -436 663 711 766 -814 -945 538 373 624 -199 -887 243 -357 -775 -962 -530 -10 -535 -430 151 -308 -53 -114 -756 196 681
[RUN #12 100 5]
-565 -87 393 -284 642 792 -462 -61 -967 -702 -695 741 51 617 -132 -321 -201 -333 -860 198 -947 423 -116 -135 439 818 -221 17 -915 107 494 415 232 27 -506 -153 -946 774 -602 -892 -257 -607 30 661 -282 468 360 -50 533 547 -510 -794 -271 -437 940 916 413 -538 -225 -732 512 -144 826 -384 204 248 819 781 -159 -301 -480 486 459 -595 -800 -513 797 -957 2 734 -590 -752 -831 -962 260 -269 35 -938 32 811 354 -801 690 -912 -451 -639 -969 709 -45 433
