[RUN #0 100 100]
900 -600 -54 -507 791 18 -103 992 -580 697 -291 -794 782 626 -900 361 -115 -795 -934 883 274 -550 -208 282 549 499 -744 -924 551 656 965 776 -570 423 -288 264 -241 -938 -89 -11 -886 384 -629 164 145 968 -372 893 -406 25 993 -180 717 169 383 878 99 847 734 972 936 -703 -95 -289 647 636 -524 -265 -573 721 -777 155 925 941 -742 -673 -98 393 599 -871 219 -498 577 -798 188 -340 -540 -529 100 839 -71 -329 433 859 729 -952 498 32 45 -783
654 36 -150 25 52 945 452 302 37 -471 -403 -35 161 61 -843 -29 318 -33 -421 424 -667 -681 388 -983 -897 178 443 -883 125 -199 -423 -98 -417 246 -338 -822 481 -81 -281 545 -58 -815 220 285 190 -273 417 -588 -859 160 33 663 777 -67 -334 688 838 -861 -879 342 -951 303 470 398 793 -680 96 -958 840 -971 -544 38 643 -62 903 -780 -641 -561 229 -760 -378 -918 978 83 792 -340 858 630 136 -720 790 788 -238 -856 -344 686 -775 -74 -909 228
-976 597 -531 -324 575 901 -517 -515 -112 -780 -876 -723 -991 -492 222 288 -471 315 -445 -302 -893 1 -627 43 442 -892 770 -348 420 788 -494 -289 212 -834 384 -835 61 781 586 -475 460 -326 -132 -46 -955 -188 -233 -885 -758 -137 681 657 291 -469 -59 -41 211 356 -357 -675 -376 -719 706 121 -195 428 574 453 -799 -364 247 -693 62 124 203 98 910 -872 647 -53 153 -328 848 849 896 -335 -71 847 -822 -182 22 64 -597 568 470 29 -790 862 -899 160
-100 687 151 717 923 126 -950 -17 -765 917 920 -287 791 296 498 878 -614 43 -312 -470 -303 171 185 -554 -702 550 -469 663 843 353 -63 -52 261 -775 33 924 384 123 385 -872 -602 -267 -886 317 374 823 -755 48 -952 447 -150 63 251 246 -616 700 -663 114 191 229 515 361 991 -777 148 -586 787 4 925 -867 584 -831 304 111 -605 689 -91 598 -732 -140 915 62 653 885 740 415 -641 -712 -404 376 247 -990 -322 402 278 838 705 -585 -722 585
-353 966 838 -776 -229 224 68 883 980 -113 -576 955 -512 968 819 459 818 -980 25 380 -35 951 776 916 650 98 99 -30 -883 759 53 -162 603 388 443 -584 -593 195 108 875 -360 175 -245 320 -588 -251 139 -347 625 945 -984 -487 -216 -872 -432 -106 -83 -643 -37 -816 415 -341 186 -312 -864 -68 843 -324 -20 165 452 653 -411 155 182 117 374 436 908 454 -82 -193 365 -639 -898 325 416 602 -623 445 -937 -155 -232 358 -782 848 -72 -731 -504 -711
787 -2 978 734 692 -794 578 907 19 743 -203 131 -517 -561 -524 -736 -767 232 -337 -228 -379 -705 -589 -452 -40 -946 13 -356 920 -668 126 -166 459 -10 241 278 142 -617 614 533 415 -43 836 -661 762 -673 -450 408 214 755 -305 675 554 -160 559 -702 553 507 454 -371 -892 -893 351 -526 557 124 -489 -828 470 -176 80 239 -454 404 83 713 -949 -480 -198 928 122 766 385 206 548 -240 709 85 -963 482 317 -692 170 433 47 790 125 -522 -459 -810
638 4 -253 -672 216 290 -565 -270 575 557 54 -162 196 143 394 22 -57 824 901 -89 -501 172 863 826 861 -689 678 -313 534 -726 -147 139 483 -852 572 -548 -834 230 -913 508 -534 108 350 -925 -370 -575 121 -787 360 436 -391 -613 -100 617 102 44 957 -465 117 440 -766 -384 -185 41 -886 -198 -883 -962 637 -867 -674 397 -371 476 758 -660 -393 -142 -115 -589 259 -341 -39 -285 224 -49 907 385 816 210 -856 -166 100 98 552 334 -937 16 85 -597
371 -178 -824 -803 -864 414 -190 -44 -362 945 760 189 -720 689 -935 720 913 -692 -714 432 475 185 456 -213 347 264 36 333 -221 -610 -586 -627 -463 241 -830 -121 -342 442 -952 -884 -922 770 -566 -777 671 126 542 -984 794 -346 539 -92 152 870 348 -468 -900 -321 -531 287 -877 180 -658 -974 -702 101 -981 -683 -355 -608 -943 -544 758 -634 -780 321 -281 -817 154 -124 253 -479 -141 -945 -10 402 501 275 -677 263 756 779 251 851 -380 516 98 966 -332 529
-440 -700 173 178 414 899 471 -569 -151 -775 2 -739 900 -833 518 -832 846 -823 24 223 601 182 -853 -418 850 218 166 893 408 -815 -457 805 -477 635 -732 925 -887 88 747 -710 -27 -836 212 373 298 -85 -48 234 493 406 489 -352 -44 -941 508 -228 365 254 -410 540 -411 -596 13 537 810 449 -866 -989 53 857 -122 81 -127 133 -226 -431 -13 -247 -306 -863 -488 -670 -608 -309 359 -74 -498 883 -695 -460 991 -147 -563 -566 119 -15 -967 -602 852 -642
-738 778 -817 -107 -570 745 -912 691 -895 -934 -645 -897 480 903 958 454 -596 533 -361 -121 369 173 621 -365 990 -623 878 341 -110 67 -911 407 765 -206 47 -632 -576 568 -161 300 -930 830 716 782 -412 -382 540 -504 -260 -286 -446 -333 -273 -342 214 -418 -451 955 190 611 -35 402 -510 599 -484 676 978 585 844 -417 126 709 493 688 598 -175 114 -747 586 130 339 -996 826 506 799 194 -176 129 -926 499 82 157 227 104 -746 -259 -878 642 -592 -950
-166 42 453 552 111 -530 -394 152 688 985 534 -156 -279 899 588 -419 -927 143 529 185 -484 129 759 -806 689 968 -757 -967 9 -742 919 829 -155 987 -692 283 -829 -492 -134 -721 -508 -720 -275 -948 -823 561 774 -954 -115 332 -170 -621 -246 363 637 -464 -698 -380 264 257 512 -352 -427 974 -470 807 -854 -425 663 415 -95 40 654 475 -206 -274 -886 876 -6 -128 479 978 530 -107 7 572 -971 536 -716 -487 -422 998 539 -334 -294 -879 80 392 745 -409
-805 -368 -318 605 -16 543 -373 426 -36 527 700 481 -772 -422 -65 -128 667 456 192 -854 211 -794 -70 92 -258 324 332 41 -475 328 -790 473 -190 -672 -407 -421 -855 38 620 776 902 -453 -762 -47 -99 926 278 608 791 799 -451 300 -501 898 885 964 -122 119 -730 778 212 182 544 364 298 206 -202 -217 86 511 712 -986 -803 775 930 -959 -820 -567 -479 782 174 -792 -378 -469 -450 23 -14 158 754 956 -461 123 -890 235 -797 736 -724 790 -164 -741
-729 340 -8 -172 -2 -977 -56 -203 -168 209 -928 337 -360 -931 607 696 921 -773 423 -69 -932 -329 -911 -985 -410 955 17 67 108 381 -850 -965 -497 926 -22 -703 542 649 -917 -484 455 -226 -924 -919 576 878 -98 243 -235 77 -522 -834 -835 -498 690 775 -852 59 -390 -887 -156 589 404 939 738 100 371 817 -882 -31 -557 972 102 784 935 -23 -697 890 498 -672 727 -593 -704 760 -131 39 271 490 -256 344 -642 -664 -718 -840 -655 -202 -326 300 -832 866
196 326 863 -479 917 85 859 -952 -488 377 -515 -903 -305 969 -997 -824 316 615 -152 -266 -369 -300 81 -368 648 -19 267 978 599 -915 -42 263 616 -333 -450 890 -406 -226 -543 -405 -223 -635 492 938 -958 438 -872 668 -66 -256 -18 637 351 29 -805 521 358 596 623 -91 -225 364 345 671 533 -320 279 188 894 -715 712 -508 -178 -282 699 -465 15 -656 -420 -803 -238 241 836 -793 996 226 -432 -991 769 -401 77 404 -869 -571 -546 -277 -20 31 69 447
-951 -650 730 791 -642 123 873 -39 996 -620 624 538 424 245 924 735 723 -240 261 -830 900 226 -385 740 755 830 -816 -534 -457 -619 -993 -610 -94 -530 -211 -959 551 -683 285 -805 -728 623 274 217 -779 988 60 -377 -883 803 -332 28 209 153 345 171 -872 672 -813 -722 -472 -396 -742 300 991 -100 -531 -884 390 -118 606 130 378 -866 -591 89 -13 316 -16 259 387 -808 -596 201 949 -60 923 -97 -990 970 -418 -856 102 -479 570 203 768 752 -99 -290
-214 564 -600 880 271 605 -895 955 616 60 175 322 319 -422 181 931 -860 657 -338 -492 -876 810 -233 136 504 275 -350 -530 321 -927 -61 -479 -410 -529 -580 505 360 -254 262 -743 340 -573 765 710 899 -96 246 -477 803 -986 26 166 -775 -642 769 -464 819 0 155 -1 -980 -891 274 143 -712 289 152 30 -105 -543 518 781 -376 -442 -763 -379 -279 -691 647 87 -240 -372 -241 774 369 -592 608 257 823 -309 633 -340 88 -326 -156 -119 -754 105 -788 689
538 -508 -942 -245 247 903 98 615 -128 694 973 123 318 612 -739 804 -332 -330 -63 276 -173 -907 816 928 -77 -87 699 285 257 239 511 -748 939 403 277 -71 -263 -496 -735 226 681 -550 -928 -117 -777 142 -238 -927 -195 -405 978 677 -872 -483 -625 960 62 831 483 -737 444 221 968 -160 656 591 -819 -312 -859 127 -147 -293 -590 362 -3 -974 61 -267 438 975 -982 778 639 -140 -404 -718 -85 -637 780 -988 -139 580 739 -251 -906 212 128 -22 528 -179
893 251 -442 49 -517 -710 918 683 -555 -857 702 979 -974 454 819 -217 -471 438 311 654 -89 -545 417 -642 -273 -953 74 -965 355 -101 309 -40 -655 -777 873 84 -43 531 47 35 -104 -160 497 -530 -223 630 213 93 858 239 741 -639 843 385 472 107 -195 -677 -765 229 288 -289 -114 -500 961 131 -652 -749 -266 -728 -392 260 857 313 592 973 476 265 685 -462 618 197 -495 160 252 913 -214 -659 -572 638 448 411 664 382 976 -848 -654 269 275 -77
70 945 786 482 729 86 111 576 -894 -91 -26 -952 672 -225 -435 -241 858 79 -835 414 -966 -812 -544 -943 674 57 -556 225 64 -39 118 -282 -371 865 713 -663 993 -387 -298 895 -787 -936 -627 182 268 -191 -913 159 -734 180 161 230 -625 985 108 84 223 274 -723 -124 -735 716 197 678 -288 549 -637 848 44 564 861 -19 948 653 681 -172 18 749 72 930 -82 660 598 160 -112 -230 139 781 -820 221 -259 -686 548 29 567 -218 808 -629 809 -277
856 -430 198 556 -170 745 -532 882 260 -94 -73 -368 967 -998 54 843 619 686 342 785 -493 113 -746 -590 528 604 -494 -708 867 904 -273 841 857 -487 -76 825 -827 -405 578 -521 -644 966 -569 41 631 -454 -635 548 453 844 -796 675 884 935 -663 440 307 -264 -616 -195 -56 589 -189 379 -460 -464 656 -667 -677 92 -505 -825 -158 993 -118 612 -877 -499 -936 -876 -596 283 -310 139 -798 834 979 798 63 -308 228 -216 267 105 370 -690 896 473 -151 -653
-982 -903 -195 489 -692 -349 -859 503 -189 874 -971 350 419 76 451 277 963 -87 629 652 -799 627 -819 -37 -722 -796 -794 -370 -187 -100 -264 -287 867 660 -483 -103 -993 293 55 121 -122 -475 239 967 -543 105 -508 -658 -974 267 671 -134 97 -6 1 649 -964 -136 914 741 -700 427 158 188 -524 -137 -976 -610 -30 630 855 63 877 400 -884 41 -870 78 -842 -201 -218 542 872 645 -800 471 -196 861 518 726 -366 -708 348 -883 -972 -983 292 428 225 -323
-662 -363 276 588 144 -396 -608 -32 -505 -628 679 -390 -413 830 244 -762 -317 92 -232 -51 791 910 -302 76 818 217 -829 376 935 -570 123 -844 -881 676 233 985 685 218 48 -761 -377 -452 -36 -83 738 -323 -442 455 -778 406 -927 -95 -407 747 750 -979 548 -101 274 138 -579 -417 -8 -810 -794 -190 -375 988 -7 -587 746 -942 -23 -170 42 502 611 74 715 -419 150 -698 797 -382 932 511 606 515 903 -480 40 -305 35 -120 725 710 -813 498 -843 660
-129 -753 700 -275 83 370 652 729 959 725 -577 -382 -264 606 122 -206 206 -739 -902 165 -454 -716 -435 -523 440 194 977 511 881 855 -780 656 589 242 970 -76 518 -366 931 -205 -71 -544 -738 -107 -848 -665 847 -973 226 145 -8 -521 -963 997 -285 -84 -734 -403 -908 -91 -374 -456 -112 865 712 475 -111 291 -339 -662 124 770 458 -587 228 733 510 -855 -830 -717 -689 -960 -553 -816 -562 -904 -143 -659 416 -781 -203 84 -793 -602 -694 347 992 -531 -726 -222
277 676 -54 81 999 -338 -902 -657 185 -171 -819 -216 -463 541 243 -621 416 853 533 -825 -919 663 760 422 -750 137 -42 -364 -335 890 165 389 516 -712 -640 -901 271 -812 103 -615 -205 -807 354 108 350 -4 -86 171 -632 272 686 264 -646 340 492 398 925 -553 725 -313 -731 -162 -282 -353 -658 91 797 -341 -362 291 -839 521 16 -121 511 878 -239 124 263 -908 -796 -303 97 404 119 231 -599 845 812 -448 -977 259 506 -108 211 -95 362 622 -614 491
687 794 756 897 734 -965 739 -195 877 605 541 -859 276 -263 -383 -528 -961 552 -570 -649 -975 -208 849 386 913 629 -736 -630 217 809 -926 -143 214 633 172 -289 -307 -423 -994 747 -739 -200 216 607 719 304 -482 -896 -697 960 -134 -353 -931 -955 593 4 153 162 714 427 412 782 -923 -540 -368 -314 -689 701 -920 598 -913 660 519 -892 665 -356 812 -215 344 -106 799 -431 -670 586 -418 759 725 -618 362 581 -504 -114 -597 90 896 -686 361 365 -712 -475
-915 45 771 -345 473 -358 -372 415 450 -824 -261 494 -717 -709 670 832 940 -754 887 -432 -825 190 -367 -226 -898 -95 138 84 -270 392 -792 766 120 358 343 647 -169 -801 -43 95 -436 -271 657 525 569 769 -846 73 778 855 -724 435 696 32 -590 -945 -836 129 899 -503 141 -25 -276 462 -180 -424 199 -736 -519 29 -508 949 -423 -611 757 -885 342 -376 454 -576 -205 -308 -882 775 590 -201 -70 966 300 -654 83 -902 -421 -416 432 575 40 -601 -356 403
529 -67 919 653 704 469 865 -438 -166 601 -603 -908 -444 -540 -359 -260 -809 -681 853 145 -369 -99 -337 443 -985 -950 540 -202 -203 -998 -944 356 716 -472 450 706 657 -63 -615 65 -177 -18 604 -776 -792 648 776 56 798 -678 -398 -461 -895 165 818 286 668 -524 -979 999 -105 -883 948 -872 170 395 270 901 104 240 415 -445 944 159 -228 -750 -64 -910 905 -458 507 343 232 771 273 615 733 208 -157 -419 930 -919 283 -799 597 42 498 249 727 -723
-595 -339 -545 809 -447 -525 -748 -158 -573 700 628 147 876 -252 -518 748 -568 -705 -395 111 -597 -506 443 -144 -4 780 -467 -703 529 -654 71 416 23 -815 -778 721 -453 -632 -297 396 299 128 916 -326 -148 -23 -215 -290 -294 -249 928 795 -183 -389 -125 -226 -873 -921 -123 827 768 798 -352 892 -19 868 -925 -800 -364 -598 -688 -37 210 985 -222 -557 817 -847 133 -391 540 -697 -300 235 925 502 470 982 -733 435 963 -257 319 506 939 -860 661 34 -984 310
287 326 -944 731 359 796 98 -336 280 -746 811 942 -499 945 830 -152 -533 434 -952 -330 -189 380 -349 -695 -300 80 32 -450 995 -224 969 586 -905 -714 -69 -391 -623 -800 529 763 663 74 -955 -913 389 -786 610 545 -437 -353 858 -214 -548 -679 527 -261 66 -221 340 606 -701 -558 -309 932 -341 -141 -684 -917 608 -979 765 252 660 125 711 -523 381 -611 -270 -405 -457 11 -625 784 613 -474 346 -650 325 -127 566 196 -728 622 -617 -655 99 -741 595 668
224 501 570 -633 -48 -748 -308 86 -189 247 -53 753 -650 -579 -782 732 -188 -557 879 950 526 874 727 -502 400 -404 16 813 -437 -47 -379 173 492 -669 162 -203 -982 886 -92 -836 -363 980 573 0 949 -892 864 242 -850 -180 -644 -405 -826 -989 959 -764 -256 -343 -735 248 332 -509 44 -436 -492 834 915 -307 365 989 -443 -123 -745 765 61 -490 966 203 935 -315 -601 -34 144 516 289 -96 714 -69 931 539 -743 515 -804 -67 -294 284 -998 602 -876 35
-592 151 302 -233 -979 835 268 34 -928 -7 -400 -653 870 -106 741 -198 469 -695 690 -248 -571 675 527 778 -991 258 -706 -799 910 -696 -104 -825 -485 -714 -840 -496 879 -679 512 191 760 652 638 53 -937 -985 600 -425 51 68 108 -674 -388 916 -986 692 271 -127 903 298 418 883 -334 -623 -405 -367 183 620 801 251 -159 37 -40 813 -932 85 -532 461 290 428 957 -965 565 -33 432 -860 510 -873 998 -418 321 -143 844 622 -256 96 711 250 804 -340
188 302 -593 822 -977 -210 804 -345 340 774 23 -616 -257 890 726 299 -85 899 -400 -765 -626 513 52 328 -974 -23 -178 -215 -952 44 -159 587 -433 57 249 460 -440 24 -665 -471 366 -161 -678 -901 669 -124 -605 109 184 303 618 -950 236 -179 -529 -143 41 -980 -617 649 373 819 626 -64 454 -299 -453 -853 -83 723 -842 868 245 -926 -19 -62 -527 -226 606 -867 386 -587 -234 -97 411 -595 960 189 701 -34 -817 167 212 -499 73 452 728 -434 771 965
[RUN #1 50 50]
269 -890 -970 -27 -512 682 -610 91 -176 63 404 -586 276 -331 -843 530 -165 -987 -445 -336 -603 -736 658 -672 712 147 -874 985 -668 883 -190 629 36 953 626 894 -253 -319 -220 271 -670 166 -876 294 483 -229 -265 713 550 -103
668 906 575 91 -879 -312 549 -64 -1000 162 716 -699 583 -226 -709 729 -394 290 -93 -935 863 -273 308 208 -371 -433 143 545 -62 -311 -409 950 675 -776 659 210 -451 -768 862 -169 648 905 -666 954 -714 -921 515 -708 -170 257
-983 -229 -526 -881 -802 591 -629 441 779 138 -926 622 525 -272 312 273 598 147 -428 -658 447 -167 -533 -479 3 -190 189 -391 882 97 -119 -791 -151 699 506 -402 -811 952 -752 -213 -295 -447 978 419 -465 -381 89 -226 -14 283
433 644 142 -386 134 655 106 735 241 207 -148 -936 440 -682 236 833 -497 910 -531 -61 -218 356 262 -462 -627 506 760 53 -917 -321 -290 483 264 -679 329 -62 -556 -39 -577 -113 281 -80 -211 -520 895 -572 -206 752 543 -848
849 287 318 285 -766 523 -283 -972 420 184 -248 -202 457 351 455 -178 230 -271 898 -881 -675 -286 204 889 -725 -806 -542 725 -349 -428 -470 927 -864 -257 822 -737 116 197 522 411 -314 882 614 -723 -311 767 -616 -622 -825 957
-726 275 623 -112 -801 -932 -315 -198 -469 -869 609 209 236 -579 -130 -500 992 -684 -363 887 -6 -159 349 -482 895 -733 -556 924 252 392 -59 -938 -701 279 -175 416 -244 140 674 143 -242 -448 744 214 -285 -784 -259 798 -599 -837
-731 511 -184 579 -347 190 -53 905 410 -926 541 297 629 -887 -173 -389 968 -929 -790 250 179 994 -358 -633 -114 936 286 -801 -313 -900 -666 222 47 196 -269 162 -158 565 -172 -253 574 74 -195 -864 269 -201 884 828 -279 307
332 764 462 -203 309 233 -644 255 -608 785 505 -450 314 887 182 978 -589 539 -447 -650 -512 -85 -517 807 -722 946 88 -199 -658 947 -867 143 -726 722 -890 -724 892 -680 -928 -584 791 -149 114 -631 -902 201 -877 54 -937 621
614 581 823 631 -165 -58 797 207 -92 894 -688 -650 958 -600 -781 159 -743 458 -464 943 849 721 -333 926 -6 -342 646 451 -325 447 -990 731 -940 -709 626 589 -713 583 -249 -519 222 -463 187 41 -252 897 372 -178 -601 257
-887 -198 -870 -601 486 -368 590 -682 -134 -175 -200 957 812 -323 -657 598 -167 177 570 850 -298 894 493 -857 822 -812 684 -326 -292 531 -236 -205 577 377 543 506 635 322 -726 -901 320 182 -76 862 157 826 415 107 752 -803
895 835 507 -684 -316 -327 491 -808 171 -407 307 -358 614 -632 -899 767 302 -272 -99 701 922 105 -730 -151 -300 188 -77 -843 -342 52 -137 46 -635 -587 18 -181 197 -736 517 -848 -610 -578 846 591 -563 633 -931 -213 786 -391
884 -489 -116 366 -272 165 568 526 2 -12 304 345 788 12 572 729 753 743 -757 517 791 586 -39 960 -620 88 36 516 -480 -4 659 44 -313 -975 -132 -243 478 -388 -341 315 54 756 -640 479 -561 -824 -501 200 300 -723
-261 774 -585 -103 292 -394 305 -105 48 -665 609 25 -726 -782 -396 328 160 -662 -52 -759 375 -920 -218 -788 294 579 506 -707 689 -436 -534 491 -694 -211 -659 976 -354 -83 297 49 62 -676 -115 -809 723 -882 793 924 -789 16
-737 -961 -959 -688 649 -298 34 -203 -932 -933 463 864 -156 -368 130 -878 116 414 -598 -210 740 813 -352 790 -539 -577 342 -283 -816 913 -91 -503 451 -442 -365 -923 535 -709 -128 -130 -855 -635 167 -802 -769 907 -668 678 179 -846
434 -367 902 -617 795 -954 910 -805 184 160 -366 -810 -277 -957 -871 -586 -821 625 8 140 -166 -558 954 -29 -459 -430 -190 687 838 382 773 -317 629 -520 -98 98 -831 -227 964 -502 444 -600 162 479 170 -395 9 889 925 -847
342 -805 -981 482 -367 561 -859 -664 -385 -871 779 -706 -329 -271 488 -780 631 -366 180 -858 33 0 204 -983 620 -516 150 -111 903 928 -201 -678 -607 424 -965 -541 951 481 252 -43 -592 -569 -233 418 -69 -609 608 346 -899 792
179 297 -611 464 -623 -609 677 -167 -214 -300 355 885 -190 -703 -446 704 -823 -530 -508 -196 2 -464 -370 -210 -425 463 556 572 553 -333 701 699 -414 -853 -807 -104 -470 -754 -356 -709 -209 540 -443 586 645 552 62 -89 578 -543
-222 -182 -647 -236 -484 -167 -627 529 569 701 206 741 -628 -486 619 234 -204 935 -643 934 969 -90 -65 717 -487 781 -441 749 99 -947 -341 723 -824 -479 285 -468 -477 -976 -970 435 -735 -142 962 297 -521 -796 -715 760 695 900
-300 -52 430 618 -562 555 -995 186 -88 -241 244 -827 172 640 -868 -81 973 -596 -734 -783 522 575 -208 -557 -879 931 97 817 570 154 -316 784 373 516 -541 296 279 958 726 -656 601 653 103 779 -485 -419 -18 918 -198 604
-454 11 293 -665 432 239 -383 70 -985 541 -729 720 594 962 -272 769 -776 -813 339 -370 -385 -348 -94 660 689 -946 -997 -724 -612 -909 462 121 814 -3 -426 985 378 77 935 -683 -667 716 -727 467 -854 577 -37 665 -119 -49
-98 660 -857 688 -442 962 445 -620 219 -311 678 -815 -858 622 -559 292 657 485 493 -981 791 -73 -419 524 859 50 -102 -544 250 -983 256 -447 -138 -181 -203 -459 -260 405 289 768 -590 606 792 -36 -786 -56 897 185 245 878
663 -717 -779 -632 679 257 436 883 435 -945 7 633 -246 660 -834 -967 -923 991 770 372 403 -196 565 396 -346 -790 298 -667 102 187 762 434 -61 -456 -437 386 988 -728 -198 84 -907 408 -810 -174 95 418 -962 -514 754 851
-255 236 -366 951 787 -613 -657 300 806 175 884 -127 -573 794 902 165 292 277 -798 4 267 -882 -851 653 -201 -221 508 377 408 -784 594 -365 338 451 -32 340 9 15 407 659 527 67 -905 -503 276 -379 685 427 -115 589
124 200 943 -447 -923 -388 941 -72 745 -651 -858 -548 -86 224 -975 674 -757 249 -986 -49 -576 495 38 561 -12 -530 -515 -543 -427 574 -131 -798 669 -929 -486 -553 551 865 -488 -725 -452 760 -538 -671 749 589 573 620 -659 -556
-509 8 304 842 -749 280 127 874 878 199 880 -212 -164 289 702 147 -892 -900 758 -549 613 -683 -494 -487 -28 -919 314 337 184 910 74 111 520 990 -88 -758 586 419 -351 -805 420 -655 821 -83 -245 -917 -649 651 91 544
-468 553 -508 -975 -920 86 364 -659 155 -438 811 -768 -205 -881 834 653 -223 -511 166 -647 -889 -696 577 -342 63 145 -908 -643 30 518 -377 -228 568 968 948 331 -414 -998 -565 -294 -358 713 -599 -781 158 314 747 511 -873 736
726 -421 253 870 617 538 594 739 -618 -890 -415 557 780 804 -141 -575 149 -963 -299 -139 -392 334 -352 211 -782 -54 -444 682 61 498 -31 66 476 -743 -910 -449 837 -928 424 -647 -38 653 -105 264 -135 265 486 -196 672 818
14 -289 -606 614 701 781 90 49 241 -395 -282 896 553 952 -561 -344 737 -32 -143 815 155 -896 94 480 927 -61 789 -473 964 113 -525 319 -955 -182 -733 -334 958 647 925 -611 -740 66 453 -323 942 -722 470 -493 625 -307
-647 -727 422 -285 -173 -793 -720 675 -53 540 109 -984 -428 -866 866 899 -162 730 483 669 846 821 428 227 -990 288 945 847 216 -663 934 -28 893 480 530 396 308 -523 -578 -724 287 500 628 -296 388 -83 306 -709 413 217
464 -937 -212 -488 917 -413 -635 -568 733 694 639 -268 -85 666 424 -915 -11 129 -128 319 -131 924 -188 432 371 405 402 -990 74 -326 596 855 -170 -529 -503 358 -449 488 -919 945 527 -865 -219 423 -983 -955 363 -292 -346 -562
-68 -652 -784 909 646 952 -417 295 -510 -395 937 -691 796 904 -582 13 -761 -782 -429 -90 -842 -198 112 470 -384 243 -665 -159 -596 881 -14 240 629 -259 -46 -776 -270 -809 562 -575 -469 -584 -851 409 -355 476 -623 918 401 960
147 -302 513 223 304 305 37 23 -609 -131 698 -545 -80 -453 423 -72 -469 145 -168 -835 -59 863 -642 -825 364 -880 -488 433 195 -819 -647 -990 -775 -418 -434 711 394 -454 461 -275 499 248 31 -882 70 579 -954 371 -558 -387
-475 95 -878 682 210 -111 16 754 576 48 -303 979 873 279 -769 -45 -186 416 93 588 917 -982 -452 -632 -250 295 342 -678 -277 -951 936 -62 582 -906 -891 -615 864 214 -937 378 -288 -814 85 -86 736 -472 -84 76 258 -441
577 -486 510 -198 -945 717 -33 -829 -12 770 993 -765 301 440 215 436 144 233 -220 520 -270 953 987 -552 422 932 400 850 -420 -583 -91 666 -999 -916 -581 263 -89 764 -67 747 -491 622 -854 880 -775 -72 -783 -944 885 446
639 16 742 -333 419 -456 -963 278 663 -878 -422 57 -727 -696 393 -697 -488 -183 4 -995 959 700 111 -268 930 83 907 -418 567 -368 890 651 204 143 882 -716 -99 -146 286 -701 -253 545 266 692 952 196 -88 469 174 350
-661 697 508 -525 754 944 -914 -74 408 545 -536 -999 482 265 -195 269 871 -956 -259 477 -886 410 -844 -290 -524 -84 -852 249 900 687 -184 624 -112 380 475 295 328 8 -283 -241 130 455 -908 -469 -235 471 110 78 -89 -491
453 575 -457 -872 -320 848 -248 -530 639 -873 -335 629 985 -881 -691 -929 665 406 -643 -843 -91 857 276 -104 346 -59 -578 -890 536 -3 -965 -744 289 895 432 260 -955 442 930 -983 181 -64 -669 -651 492 -475 -742 -957 922 292
63 -330 293 -995 793 280 112 -127 -498 -118 -784 -315 143 -569 332 -492 649 -226 6 -662 737 656 -391 -250 788 -173 230 882 -557 -564 -923 147 -993 -486 -891 -516 -125 310 376 821 128 -366 -339 190 92 -885 -877 935 -60 677
-150 -846 -751 -575 -10 640 941 363 -168 900 -799 -28 -769 -17 263 -175 -182 -755 -407 -256 -888 -917 536 254 225 429 564 657 -238 -591 975 -644 -482 627 491 178 169 432 -765 462 -745 -724 450 179 -344 912 -427 -42 699 -685
-954 -666 -564 -851 -36 76 -789 969 -940 -916 -684 -726 -790 613 237 -91 -121 256 148 847 863 -203 623 876 71 -802 -596 -770 975 737 451 129 -474 789 203 798 -669 -990 157 -517 545 705 -303 703 -635 219 483 -439 -113 -979
30 -302 -601 300 -431 544 -915 -806 -535 -872 -230 -132 -909 -774 273 -372 -724 -796 -603 253 708 -934 -852 766 343 -326 452 579 -665 -236 135 366 394 -650 326 10 -319 93 285 832 -983 -290 -260 745 -339 -730 732 -237 -933 55
162 -288 775 39 157 -240 664 -659 -414 709 -474 646 -633 -159 -727 -210 -175 -343 459 892 -412 973 -553 -112 185 117 441 -361 937 17 455 861 41 449 719 841 145 409 -63 -801 428 -69 555 308 49 220 851 -490 380 837
-219 -774 -388 -35 865 555 459 958 187 373 725 -883 514 -228 -709 -761 -436 634 -422 -824 -165 -141 -888 -613 322 718 -983 523 -30 -724 -5 -785 614 855 -20 -292 497 223 -602 -974 -748 -945 55 482 -71 -252 -835 642 -514 -178
597 262 671 469 902 -611 -731 938 231 455 912 372 -398 -928 543 -205 -994 248 954 223 -572 654 691 613 -508 -15 409 -834 -476 717 5 713 -196 644 -733 992 -425 -664 -712 664 -52 978 -221 -67 18 566 -759 577 -504 -187
-328 507 801 193 -159 25 -869 -581 958 987 -241 -613 213 553 -70 -737 41 -973 165 655 -214 573 758 437 908 -403 -699 841 37 212 850 347 518 710 -693 -967 354 -959 -474 366 -236 253 -788 -810 -304 -696 -535 -813 -260 86
-93 535 -381 558 -640 786 175 -713 33 407 -193 893 -744 731 -469 174 -74 932 -766 955 728 258 -338 -56 -878 -101 -763 -332 -592 79 -899 238 -50 -709 -835 -975 -700 115 994 261 188 -356 -800 -40 -493 131 -912 280 431 -240
666 913 599 914 653 -722 -226 745 901 857 591 957 387 505 434 647 -532 -795 -685 -876 -964 212 595 -168 -184 402 858 -963 -253 691 -121 -606 -847 192 -978 -301 -19 -160 787 862 386 937 910 448 -377 344 -177 -58 184 -811
[RUN #2 10 10]
-273 -727 815 447 -599 -152 315 257 -22 376
625 -472 293 -75 650 -823 -110 -128 -970 -47
-712 -447 -270 383 -151 969 -170 -941 319 485
108 -53 -797 -370 -82 192 565 -374 -517 135
522 914 -385 -428 901 -75 -93 -575 -363 -360
290 812 389 997 90 281 -251 438 553 434
-568 -306 107 226 -844 -401 479 733 381 -960
-641 -642 -260 899 34 559 -399 181 904 -371
-66 572 913 -366 -497 -494 371 182 195 -276
14 -965 825 -600 -604 976 -525 -989 392 67
[RUN #3 5 5]
-350 -127 -44 -388 848
-666 751 -706 830 -858
-709 494 827 399 -298
118 337 -154 -628 486
-491 388 -353 869 118
[RUN #4 5 5]
-463 591 276 80 947
-983 328 247 -631 -867
116 793 13 -140 -353
362 -493 -131 -272 135
-226 -211 54 187 -801
